<?xml version="1.0" encoding="UTF-8"?>
<testsuite xmlns:xsi="http://www.w3.org/2001/XMLSchema-instance" xsi:noNamespaceSchemaLocation="https://maven.apache.org/surefire/maven-failsafe-plugin/xsd/failsafe-test-report-3.0.xsd" version="3.0" name="com.example.acceptancetests.AcceptanceTestSuite" time="371.692" tests="9" errors="2" skipped="0" failures="0">
  <properties>
[...]
</properties>
  <testcase name="Login #1" classname="Login" time="48.875">
    <error type="org.openqa.selenium.TimeoutException"><![CDATA[org.openqa.selenium.TimeoutException: Expected condition failed: waiting for visibility of element located by By.xpath: //android.view.View[@content-desc="Booking Vaksin"] (tried for 5 second(s) with 1200 milliseconds interval)
Caused by: org.openqa.selenium.NoSuchElementException: 
An element could not be located on the page using the given search parameters.
For documentation on this error, please visit: https://www.seleniumhq.org/exceptions/no_such_element.html
Build info: version: '3.141.59', revision: 'e82be7d358', time: '2018-11-14T08:17:03'
System info: host: 'INGGRIT', ip: '192.168.137.1', os.name: 'Windows 10', os.arch: 'amd64', os.version: '10.0', java.version: '15.0.2'
Driver info: io.appium.java_client.android.AndroidDriver
Capabilities {app: C:\Users\ponda\Documents\Ca..., appPackage: com.example.evizy, automationName: UIAutomator2, databaseEnabled: false, desired: {app: C:\Users\ponda\Documents\Ca..., automationName: UIAutomator2, platVersion: 11, platformName: android}, deviceApiLevel: 30, deviceManufacturer: OPPO, deviceModel: CPH1937, deviceName: b62c4e88, deviceScreenDensity: 272, deviceScreenSize: 720x1600, deviceUDID: b62c4e88, javascriptEnabled: true, locationContextEnabled: false, networkConnectionEnabled: true, pixelRatio: 1.7, platVersion: 11, platform: LINUX, platformName: Android, platformVersion: 11, statBarHeight: 64, takesScreenshot: true, viewportRect: {height: 1480, left: 0, top: 64, width: 720}, warnings: {}, webStorageEnabled: false}
Session ID: bd17bf8e-21a8-49f6-9e27-361afea7b2df
*** Element info: {Using=xpath, value=//android.view.View[@content-desc="Booking Vaksin"]}
]]></error>
    <system-out><![CDATA[
Scenario Outline: Login                         &amp#27;[90m# src/test/resources/features/citizen/citizenLogin.feature:15&amp#27;[0m
  &amp#27;[32mGiven &amp#27;[0m&amp#27;[32mI am on Evizy Login page&amp#27;[0m                &amp#27;[90m# com.example.steps.citizen.citizen_login.iAmOnEvizyLoginPage()&amp#27;[0m
  &amp#27;[32mWhen &amp#27;[0m&amp#27;[32mI enter NIK &amp#27;[0m&amp#27;[32m&amp#27;[1m"5719348816440007"&amp#27;[0m&amp#27;[32m for login&amp#27;[0m &amp#27;[90m# com.example.steps.citizen.citizen_login.iEnterNIKForLogin(java.lang.String)&amp#27;[0m
  &amp#27;[32mAnd &amp#27;[0m&amp#27;[32mI enter Password &amp#27;[0m&amp#27;[32m&amp#27;[1m"Password321"&amp#27;[0m&amp#27;[32m for login&amp#27;[0m  &amp#27;[90m# com.example.steps.citizen.citizen_login.iEnterPasswordForLogin(java.lang.String)&amp#27;[0m
  &amp#27;[32mAnd &amp#27;[0m&amp#27;[32mI click login button&amp#27;[0m                      &amp#27;[90m# com.example.steps.citizen.citizen_login.iClickLoginButton()&amp#27;[0m
  &amp#27;[31mThen &amp#27;[0m&amp#27;[31mI get the login result &amp#27;[0m&amp#27;[31m&amp#27;[1m"dashboard_page"&amp#27;[0m  &amp#27;[90m# com.example.steps.citizen.citizen_login.iGetTheLoginResult(java.lang.String)&amp#27;[0m
      &amp#27;[31morg.openqa.selenium.TimeoutException: Expected condition failed: waiting for visibility of element located by By.xpath: //android.view.View[@content-desc="Booking Vaksin"] (tried for 5 second(s) with 1200 milliseconds interval)
	at org.openqa.selenium.support.ui.WebDriverWait.timeoutException(WebDriverWait.java:95)
	at org.openqa.selenium.support.ui.FluentWait.until(FluentWait.java:272)
	at sample.mobile.automation@1.0-SNAPSHOT/com.example.app.base.basePageObject.find(basePageObject.java:30)
	at sample.mobile.automation@1.0-SNAPSHOT/com.example.app.pages.citizen.dashboard_citizen.verifyOnDashboardPage(dashboard_citizen.java:14)
	at sample.mobile.automation@1.0-SNAPSHOT/com.example.steps.citizen.citizen_login.iGetTheLoginResult(citizen_login.java:37)
	at âœ½.I get the login result "dashboard_page"(file:///C:/Users/ponda/Documents/Caps_Mobile_Automation/sample-mobile-automation/src/test/resources/features/citizen/citizenLogin.feature:11)
Caused by: org.openqa.selenium.NoSuchElementException: An element could not be located on the page using the given search parameters.
For documentation on this error, please visit: https://www.seleniumhq.org/exceptions/no_such_element.html
Build info: version: '3.141.59', revision: 'e82be7d358', time: '2018-11-14T08:17:03'
System info: host: 'INGGRIT', ip: '192.168.137.1', os.name: 'Windows 10', os.arch: 'amd64', os.version: '10.0', java.version: '15.0.2'
Driver info: io.appium.java_client.android.AndroidDriver
Capabilities {app: C:\Users\ponda\Documents\Ca..., appPackage: com.example.evizy, automationName: UIAutomator2, databaseEnabled: false, desired: {app: C:\Users\ponda\Documents\Ca..., automationName: UIAutomator2, platVersion: 11, platformName: android}, deviceApiLevel: 30, deviceManufacturer: OPPO, deviceModel: CPH1937, deviceName: b62c4e88, deviceScreenDensity: 272, deviceScreenSize: 720x1600, deviceUDID: b62c4e88, javascriptEnabled: true, locationContextEnabled: false, networkConnectionEnabled: true, pixelRatio: 1.7, platVersion: 11, platform: LINUX, platformName: Android, platformVersion: 11, statBarHeight: 64, takesScreenshot: true, viewportRect: {height: 1480, left: 0, top: 64, width: 720}, warnings: {}, webStorageEnabled: false}
Session ID: bd17bf8e-21a8-49f6-9e27-361afea7b2df
*** Element info: {Using=xpath, value=//android.view.View[@content-desc="Booking Vaksin"]}
	at java.base/jdk.internal.reflect.NativeConstructorAccessorImpl.newInstance0(Native Method)
	at java.base/jdk.internal.reflect.NativeConstructorAccessorImpl.newInstance(NativeConstructorAccessorImpl.java:64)
	at java.base/jdk.internal.reflect.DelegatingConstructorAccessorImpl.newInstance(DelegatingConstructorAccessorImpl.java:45)
	at java.base/java.lang.reflect.Constructor.newInstanceWithCaller(Constructor.java:500)
	at java.base/java.lang.reflect.Constructor.newInstance(Constructor.java:481)
	at org.openqa.selenium.remote.http.W3CHttpResponseCodec.createException(W3CHttpResponseCodec.java:187)
	at org.openqa.selenium.remote.http.W3CHttpResponseCodec.decode(W3CHttpResponseCodec.java:122)
	at org.openqa.selenium.remote.http.W3CHttpResponseCodec.decode(W3CHttpResponseCodec.java:49)
	at org.openqa.selenium.remote.HttpCommandExecutor.execute(HttpCommandExecutor.java:158)
	at io.appium.java_client.remote.AppiumCommandExecutor.execute(AppiumCommandExecutor.java:250)
	at org.openqa.selenium.remote.RemoteWebDriver.execute(RemoteWebDriver.java:552)
	at io.appium.java_client.DefaultGenericMobileDriver.execute(DefaultGenericMobileDriver.java:41)
	at io.appium.java_client.AppiumDriver.execute(AppiumDriver.java:1)
	at io.appium.java_client.android.AndroidDriver.execute(AndroidDriver.java:1)
	at org.openqa.selenium.remote.RemoteWebDriver.findElement(RemoteWebDriver.java:323)
	at io.appium.java_client.DefaultGenericMobileDriver.findElement(DefaultGenericMobileDriver.java:61)
	at io.appium.java_client.AppiumDriver.findElement(AppiumDriver.java:1)
	at io.appium.java_client.android.AndroidDriver.findElement(AndroidDriver.java:1)
	at org.openqa.selenium.remote.RemoteWebDriver.findElementByXPath(RemoteWebDriver.java:428)
	at io.appium.java_client.DefaultGenericMobileDriver.findElementByXPath(DefaultGenericMobileDriver.java:151)
	at io.appium.java_client.AppiumDriver.findElementByXPath(AppiumDriver.java:1)
	at io.appium.java_client.android.AndroidDriver.findElementByXPath(AndroidDriver.java:1)
	at org.openqa.selenium.By$ByXPath.findElement(By.java:353)
	at org.openqa.selenium.remote.RemoteWebDriver.findElement(RemoteWebDriver.java:315)
	at io.appium.java_client.DefaultGenericMobileDriver.findElement(DefaultGenericMobileDriver.java:57)
	at io.appium.java_client.AppiumDriver.findElement(AppiumDriver.java:1)
	at io.appium.java_client.android.AndroidDriver.findElement(AndroidDriver.java:1)
	at org.openqa.selenium.support.ui.ExpectedConditions$7.apply(ExpectedConditions.java:205)
	at org.openqa.selenium.support.ui.ExpectedConditions$7.apply(ExpectedConditions.java:201)
	at org.openqa.selenium.support.ui.FluentWait.until(FluentWait.java:249)
	at sample.mobile.automation@1.0-SNAPSHOT/com.example.app.base.basePageObject.find(basePageObject.java:30)
	at sample.mobile.automation@1.0-SNAPSHOT/com.example.app.pages.citizen.dashboard_citizen.verifyOnDashboardPage(dashboard_citizen.java:14)
	at sample.mobile.automation@1.0-SNAPSHOT/com.example.steps.citizen.citizen_login.iGetTheLoginResult(citizen_login.java:37)
	at java.base/jdk.internal.reflect.NativeMethodAccessorImpl.invoke0(Native Method)
	at java.base/jdk.internal.reflect.NativeMethodAccessorImpl.invoke(NativeMethodAccessorImpl.java:64)
	at java.base/jdk.internal.reflect.DelegatingMethodAccessorImpl.invoke(DelegatingMethodAccessorImpl.java:43)
	at java.base/java.lang.reflect.Method.invoke(Method.java:564)
	at io.cucumber.java.Invoker.doInvoke(Invoker.java:66)
	at io.cucumber.java.Invoker.invoke(Invoker.java:24)
	at io.cucumber.java.AbstractGlueDefinition.invokeMethod(AbstractGlueDefinition.java:47)
	at io.cucumber.java.JavaStepDefinition.execute(JavaStepDefinition.java:29)
	at io.cucumber.core.runner.CoreStepDefinition.execute(CoreStepDefinition.java:66)
	at io.cucumber.core.runner.PickleStepDefinitionMatch.runStep(PickleStepDefinitionMatch.java:63)
	at io.cucumber.core.runner.TestStep.executeStep(TestStep.java:92)
	at io.cucumber.core.runner.TestStep.run(TestStep.java:63)
	at io.cucumber.core.runner.PickleStepTestStep.run(PickleStepTestStep.java:49)
	at io.cucumber.core.runner.TestCase.run(TestCase.java:99)
	at io.cucumber.core.runner.Runner.runPickle(Runner.java:71)
	at io.cucumber.junit.PickleRunners$NoStepDescriptions.run(PickleRunners.java:151)
	at io.cucumber.junit.FeatureRunner.runChild(FeatureRunner.java:135)
	at io.cucumber.junit.FeatureRunner.runChild(FeatureRunner.java:27)
	at org.junit.runners.ParentRunner$3.run(ParentRunner.java:290)
	at org.junit.runners.ParentRunner$1.schedule(ParentRunner.java:71)
	at org.junit.runners.ParentRunner.runChildren(ParentRunner.java:288)
	at org.junit.runners.ParentRunner.access$000(ParentRunner.java:58)
	at org.junit.runners.ParentRunner$2.evaluate(ParentRunner.java:268)
	at org.junit.runners.ParentRunner.run(ParentRunner.java:363)
	at io.cucumber.junit.CucumberSerenityRunner.runChild(CucumberSerenityRunner.java:234)
	at io.cucumber.junit.CucumberSerenityRunner.runChild(CucumberSerenityRunner.java:57)
	at org.junit.runners.ParentRunner$3.run(ParentRunner.java:290)
	at org.junit.runners.ParentRunner$1.schedule(ParentRunner.java:71)
	at org.junit.runners.ParentRunner.runChildren(ParentRunner.java:288)
	at org.junit.runners.ParentRunner.access$000(ParentRunner.java:58)
	at org.junit.runners.ParentRunner$2.evaluate(ParentRunner.java:268)
	at io.cucumber.junit.CucumberSerenityRunner$RunCucumber.evaluate(CucumberSerenityRunner.java:262)
	at org.junit.runners.ParentRunner.run(ParentRunner.java:363)
	at org.junit.runner.JUnitCore.run(JUnitCore.java:137)
	at org.junit.runner.JUnitCore.run(JUnitCore.java:115)
	at org.junit.vintage.engine.execution.RunnerExecutor.execute(RunnerExecutor.java:40)
	at java.base/java.util.stream.ForEachOps$ForEachOp$OfRef.accept(ForEachOps.java:183)
	at java.base/java.util.stream.ReferencePipeline$3$1.accept(ReferencePipeline.java:195)
	at java.base/java.util.Iterator.forEachRemaining(Iterator.java:133)
	at java.base/java.util.Spliterators$IteratorSpliterator.forEachRemaining(Spliterators.java:1801)
	at java.base/java.util.stream.AbstractPipeline.copyInto(AbstractPipeline.java:484)
	at java.base/java.util.stream.AbstractPipeline.wrapAndCopyInto(AbstractPipeline.java:474)
	at java.base/java.util.stream.ForEachOps$ForEachOp.evaluateSequential(ForEachOps.java:150)
	at java.base/java.util.stream.ForEachOps$ForEachOp$OfRef.evaluateSequential(ForEachOps.java:173)
	at java.base/java.util.stream.AbstractPipeline.evaluate(AbstractPipeline.java:234)
	at java.base/java.util.stream.ReferencePipeline.forEach(ReferencePipeline.java:497)
	at org.junit.vintage.engine.VintageTestEngine.executeAllChildren(VintageTestEngine.java:80)
	at org.junit.vintage.engine.VintageTestEngine.execute(VintageTestEngine.java:71)
	at org.junit.platform.launcher.core.DefaultLauncher.execute(DefaultLauncher.java:229)
	at org.junit.platform.launcher.core.DefaultLauncher.lambda$execute$6(DefaultLauncher.java:197)
	at org.junit.platform.launcher.core.DefaultLauncher.withInterceptedStreams(DefaultLauncher.java:211)
	at org.junit.platform.launcher.core.DefaultLauncher.execute(DefaultLauncher.java:191)
	at org.junit.platform.launcher.core.DefaultLauncher.execute(DefaultLauncher.java:128)
	at org.apache.maven.surefire.junitplatform.JUnitPlatformProvider.execute(JUnitPlatformProvider.java:188)
	at org.apache.maven.surefire.junitplatform.JUnitPlatformProvider.invokeAllTests(JUnitPlatformProvider.java:154)
	at org.apache.maven.surefire.junitplatform.JUnitPlatformProvider.invoke(JUnitPlatformProvider.java:128)
	at org.apache.maven.surefire.booter.ForkedBooter.runSuitesInProcess(ForkedBooter.java:428)
	at org.apache.maven.surefire.booter.ForkedBooter.execute(ForkedBooter.java:162)
	at org.apache.maven.surefire.booter.ForkedBooter.run(ForkedBooter.java:562)
	at org.apache.maven.surefire.booter.ForkedBooter.main(ForkedBooter.java:548)
&amp#27;[0m

    Embedding file:///C:/Users/ponda/Documents/Caps_Mobile_Automation/sample-mobile-automation/src/test/resources/features/citizen/citizenLogin.feature:15 [image/png 151156 bytes]

]]></system-out>
    <system-err><![CDATA[[main] INFO io.cucumber.core.plugin.SerenityReporter - Running feature from file:///C:/Users/ponda/Documents/Caps_Mobile_Automation/sample-mobile-automation/src/test/resources/features/citizen/citizenLogin.feature
[main] WARN io.cucumber.core.plugin.SerenityReporter - Feature from file:///C:/Users/ponda/Documents/Caps_Mobile_Automation/sample-mobile-automation/src/test/resources/features/citizen/citizenLogin.feature is not under the 'features' directory. Requirements report will not be correctly generated!
[main] INFO  - 

-------------------------------------------------------------------------------------
     _______. _______ .______       _______ .__   __.  __  .___________.____    ____ 
    /       ||   ____||   _  \     |   ____||  \ |  | |  | |           |\   \  /   / 
   |   (----`|  |__   |  |_)  |    |  |__   |   \|  | |  | `---|  |----` \   \/   /  
    \   \    |   __|  |      /     |   __|  |  . `  | |  |     |  |       \_    _/   
.----)   |   |  |____ |  |\  \----.|  |____ |  |\   | |  |     |  |         |  |     
|_______/    |_______|| _| `._____||_______||__| \__| |__|     |__|         |__|    
                                                                                     
 News and tutorials at http://www.serenity-bdd.info                                  
 Documentation at https://wakaleo.gitbooks.io/the-serenity-book/content/             
 Join the Serenity Community on Gitter: https://gitter.im/serenity-bdd/serenity-core 
 Serenity BDD Support and Training at http://serenity-bdd.info/#/trainingandsupport  
-------------------------------------------------------------------------------------

[main] INFO  - Test Suite Started: Login
[main] INFO io.cucumber.core.plugin.SerenityReporter - Running feature from file:///C:/Users/ponda/Documents/Caps_Mobile_Automation/sample-mobile-automation/src/test/resources/features/citizen/citizenLogin.feature
[main] WARN io.cucumber.core.plugin.SerenityReporter - Feature from file:///C:/Users/ponda/Documents/Caps_Mobile_Automation/sample-mobile-automation/src/test/resources/features/citizen/citizenLogin.feature is not under the 'features' directory. Requirements report will not be correctly generated!
[main] INFO  - 
 _____ _____ ____ _____   ____ _____  _    ____ _____ _____ ____  
|_   _| ____/ ___|_   _| / ___|_   _|/ \  |  _ \_   _| ____|  _ \ 
  | | |  _| \___ \ | |   \___ \ | | / _ \ | |_) || | |  _| | | | |
  | | | |___ ___) || |    ___) || |/ ___ \|  _ < | | | |___| |_| |
  |_| |_____|____/ |_|   |____/ |_/_/   \_\_| \_\|_| |_____|____/ 

Login(login;login)
-------------------------------------------------------------------
Jul 07, 2022 2:28:36 PM io.appium.java_client.remote.AppiumCommandExecutor$1 lambda$0
INFO: Detected dialect: W3C
[main] ERROR  - 
         __  _____ _____ ____ _____   _____ ____  ____   ___  ____  
 _      / / |_   _| ____/ ___|_   _| | ____|  _ \|  _ \ / _ \|  _ \ 
(_)____| |    | | |  _| \___ \ | |   |  _| | |_) | |_) | | | | |_) |
 |_____| |    | | | |___ ___) || |   | |___|  _ <|  _ <| |_| |  _ < 
(_)    | |    |_| |_____|____/ |_|   |_____|_| \_\_| \_\\___/|_| \_\
        \_\                                                         

Login
---------------------------------------------------------------------
[main] ERROR  -     Test failed at step: Then I get the login result "dashboard_page"
[main] ERROR  -     An element could not be located on the page using the given search parameters.
]]></system-err>
  </testcase>
  <testcase name="Login #2" classname="Login" time="39.641">
    <system-out><![CDATA[
Scenario Outline: Login                                 &amp#27;[90m# src/test/resources/features/citizen/citizenLogin.feature:16&amp#27;[0m
  &amp#27;[32mGiven &amp#27;[0m&amp#27;[32mI am on Evizy Login page&amp#27;[0m                        &amp#27;[90m# com.example.steps.citizen.citizen_login.iAmOnEvizyLoginPage()&amp#27;[0m
  &amp#27;[32mWhen &amp#27;[0m&amp#27;[32mI enter NIK &amp#27;[0m&amp#27;[32m&amp#27;[1m"7489462587164955"&amp#27;[0m&amp#27;[32m for login&amp#27;[0m         &amp#27;[90m# com.example.steps.citizen.citizen_login.iEnterNIKForLogin(java.lang.String)&amp#27;[0m
  &amp#27;[32mAnd &amp#27;[0m&amp#27;[32mI enter Password &amp#27;[0m&amp#27;[32m&amp#27;[1m"Passwordtest11"&amp#27;[0m&amp#27;[32m for login&amp#27;[0m       &amp#27;[90m# com.example.steps.citizen.citizen_login.iEnterPasswordForLogin(java.lang.String)&amp#27;[0m
  &amp#27;[32mAnd &amp#27;[0m&amp#27;[32mI click login button&amp#27;[0m                              &amp#27;[90m# com.example.steps.citizen.citizen_login.iClickLoginButton()&amp#27;[0m
  &amp#27;[32mThen &amp#27;[0m&amp#27;[32mI get the login result &amp#27;[0m&amp#27;[32m&amp#27;[1m"NIK atau Password salah"&amp#27;[0m &amp#27;[90m# com.example.steps.citizen.citizen_login.iGetTheLoginResult(java.lang.String)&amp#27;[0m

    Embedding file:///C:/Users/ponda/Documents/Caps_Mobile_Automation/sample-mobile-automation/src/test/resources/features/citizen/citizenLogin.feature:16 [image/png 150968 bytes]

]]></system-out>
    <system-err><![CDATA[[main] INFO io.cucumber.core.plugin.SerenityReporter - Running feature from file:///C:/Users/ponda/Documents/Caps_Mobile_Automation/sample-mobile-automation/src/test/resources/features/citizen/citizenLogin.feature
[main] WARN io.cucumber.core.plugin.SerenityReporter - Feature from file:///C:/Users/ponda/Documents/Caps_Mobile_Automation/sample-mobile-automation/src/test/resources/features/citizen/citizenLogin.feature is not under the 'features' directory. Requirements report will not be correctly generated!
Jul 07, 2022 2:29:22 PM io.appium.java_client.remote.AppiumCommandExecutor$1 lambda$0
INFO: Detected dialect: W3C
[main] ERROR  - 
         __  _____ _____ ____ _____   _____ ____  ____   ___  ____  
 _      / / |_   _| ____/ ___|_   _| | ____|  _ \|  _ \ / _ \|  _ \ 
(_)____| |    | | |  _| \___ \ | |   |  _| | |_) | |_) | | | | |_) |
 |_____| |    | | | |___ ___) || |   | |___|  _ <|  _ <| |_| |  _ < 
(_)    | |    |_| |_____|____/ |_|   |_____|_| \_\_| \_\\___/|_| \_\
        \_\                                                         

Login
---------------------------------------------------------------------
[main] ERROR  -     Test failed at step: Then I get the login result "dashboard_page"
[main] ERROR  -     An element could not be located on the page using the given search parameters.
]]></system-err>
  </testcase>
  <testcase name="Login #3" classname="Login" time="37.7">
    <system-out><![CDATA[
Scenario Outline: Login                                 &amp#27;[90m# src/test/resources/features/citizen/citizenLogin.feature:17&amp#27;[0m
  &amp#27;[32mGiven &amp#27;[0m&amp#27;[32mI am on Evizy Login page&amp#27;[0m                        &amp#27;[90m# com.example.steps.citizen.citizen_login.iAmOnEvizyLoginPage()&amp#27;[0m
  &amp#27;[32mWhen &amp#27;[0m&amp#27;[32mI enter NIK &amp#27;[0m&amp#27;[32m&amp#27;[1m"5719348816440007"&amp#27;[0m&amp#27;[32m for login&amp#27;[0m         &amp#27;[90m# com.example.steps.citizen.citizen_login.iEnterNIKForLogin(java.lang.String)&amp#27;[0m
  &amp#27;[32mAnd &amp#27;[0m&amp#27;[32mI enter Password &amp#27;[0m&amp#27;[32m&amp#27;[1m"Ayobermain12"&amp#27;[0m&amp#27;[32m for login&amp#27;[0m         &amp#27;[90m# com.example.steps.citizen.citizen_login.iEnterPasswordForLogin(java.lang.String)&amp#27;[0m
  &amp#27;[32mAnd &amp#27;[0m&amp#27;[32mI click login button&amp#27;[0m                              &amp#27;[90m# com.example.steps.citizen.citizen_login.iClickLoginButton()&amp#27;[0m
  &amp#27;[32mThen &amp#27;[0m&amp#27;[32mI get the login result &amp#27;[0m&amp#27;[32m&amp#27;[1m"NIK atau Password salah"&amp#27;[0m &amp#27;[90m# com.example.steps.citizen.citizen_login.iGetTheLoginResult(java.lang.String)&amp#27;[0m

    Embedding file:///C:/Users/ponda/Documents/Caps_Mobile_Automation/sample-mobile-automation/src/test/resources/features/citizen/citizenLogin.feature:17 [image/png 151331 bytes]

]]></system-out>
    <system-err><![CDATA[[main] INFO io.cucumber.core.plugin.SerenityReporter - Running feature from file:///C:/Users/ponda/Documents/Caps_Mobile_Automation/sample-mobile-automation/src/test/resources/features/citizen/citizenLogin.feature
[main] WARN io.cucumber.core.plugin.SerenityReporter - Feature from file:///C:/Users/ponda/Documents/Caps_Mobile_Automation/sample-mobile-automation/src/test/resources/features/citizen/citizenLogin.feature is not under the 'features' directory. Requirements report will not be correctly generated!
Jul 07, 2022 2:30:00 PM io.appium.java_client.remote.AppiumCommandExecutor$1 lambda$0
INFO: Detected dialect: W3C
]]></system-err>
  </testcase>
  <testcase name="Login #4" classname="Login" time="38.08">
    <system-out><![CDATA[
Scenario Outline: Login                           &amp#27;[90m# src/test/resources/features/citizen/citizenLogin.feature:18&amp#27;[0m
  &amp#27;[32mGiven &amp#27;[0m&amp#27;[32mI am on Evizy Login page&amp#27;[0m                  &amp#27;[90m# com.example.steps.citizen.citizen_login.iAmOnEvizyLoginPage()&amp#27;[0m
  &amp#27;[32mWhen &amp#27;[0m&amp#27;[32mI enter NIK &amp#27;[0m&amp#27;[32m&amp#27;[1m""&amp#27;[0m&amp#27;[32m for login&amp#27;[0m                   &amp#27;[90m# com.example.steps.citizen.citizen_login.iEnterNIKForLogin(java.lang.String)&amp#27;[0m
  &amp#27;[32mAnd &amp#27;[0m&amp#27;[32mI enter Password &amp#27;[0m&amp#27;[32m&amp#27;[1m"Password321"&amp#27;[0m&amp#27;[32m for login&amp#27;[0m    &amp#27;[90m# com.example.steps.citizen.citizen_login.iEnterPasswordForLogin(java.lang.String)&amp#27;[0m
  &amp#27;[32mAnd &amp#27;[0m&amp#27;[32mI click login button&amp#27;[0m                        &amp#27;[90m# com.example.steps.citizen.citizen_login.iClickLoginButton()&amp#27;[0m
  &amp#27;[32mThen &amp#27;[0m&amp#27;[32mI get the login result &amp#27;[0m&amp#27;[32m&amp#27;[1m"Masukkan NIK Anda"&amp#27;[0m &amp#27;[90m# com.example.steps.citizen.citizen_login.iGetTheLoginResult(java.lang.String)&amp#27;[0m

    Embedding file:///C:/Users/ponda/Documents/Caps_Mobile_Automation/sample-mobile-automation/src/test/resources/features/citizen/citizenLogin.feature:18 [image/png 151263 bytes]

]]></system-out>
    <system-err><![CDATA[[main] INFO io.cucumber.core.plugin.SerenityReporter - Running feature from file:///C:/Users/ponda/Documents/Caps_Mobile_Automation/sample-mobile-automation/src/test/resources/features/citizen/citizenLogin.feature
[main] WARN io.cucumber.core.plugin.SerenityReporter - Feature from file:///C:/Users/ponda/Documents/Caps_Mobile_Automation/sample-mobile-automation/src/test/resources/features/citizen/citizenLogin.feature is not under the 'features' directory. Requirements report will not be correctly generated!
Jul 07, 2022 2:30:38 PM io.appium.java_client.remote.AppiumCommandExecutor$1 lambda$0
INFO: Detected dialect: W3C
]]></system-err>
  </testcase>
  <testcase name="Login #5" classname="Login" time="39.211">
    <system-out><![CDATA[
Scenario Outline: Login                                &amp#27;[90m# src/test/resources/features/citizen/citizenLogin.feature:19&amp#27;[0m
  &amp#27;[32mGiven &amp#27;[0m&amp#27;[32mI am on Evizy Login page&amp#27;[0m                       &amp#27;[90m# com.example.steps.citizen.citizen_login.iAmOnEvizyLoginPage()&amp#27;[0m
  &amp#27;[32mWhen &amp#27;[0m&amp#27;[32mI enter NIK &amp#27;[0m&amp#27;[32m&amp#27;[1m"5719348816440007"&amp#27;[0m&amp#27;[32m for login&amp#27;[0m        &amp#27;[90m# com.example.steps.citizen.citizen_login.iEnterNIKForLogin(java.lang.String)&amp#27;[0m
  &amp#27;[32mAnd &amp#27;[0m&amp#27;[32mI enter Password &amp#27;[0m&amp#27;[32m&amp#27;[1m""&amp#27;[0m&amp#27;[32m for login&amp#27;[0m                    &amp#27;[90m# com.example.steps.citizen.citizen_login.iEnterPasswordForLogin(java.lang.String)&amp#27;[0m
  &amp#27;[32mAnd &amp#27;[0m&amp#27;[32mI click login button&amp#27;[0m                             &amp#27;[90m# com.example.steps.citizen.citizen_login.iClickLoginButton()&amp#27;[0m
  &amp#27;[32mThen &amp#27;[0m&amp#27;[32mI get the login result &amp#27;[0m&amp#27;[32m&amp#27;[1m"Masukkan Password Anda"&amp#27;[0m &amp#27;[90m# com.example.steps.citizen.citizen_login.iGetTheLoginResult(java.lang.String)&amp#27;[0m

    Embedding file:///C:/Users/ponda/Documents/Caps_Mobile_Automation/sample-mobile-automation/src/test/resources/features/citizen/citizenLogin.feature:19 [image/png 158641 bytes]

]]></system-out>
    <system-err><![CDATA[[main] INFO io.cucumber.core.plugin.SerenityReporter - Running feature from file:///C:/Users/ponda/Documents/Caps_Mobile_Automation/sample-mobile-automation/src/test/resources/features/citizen/citizenLogin.feature
[main] WARN io.cucumber.core.plugin.SerenityReporter - Feature from file:///C:/Users/ponda/Documents/Caps_Mobile_Automation/sample-mobile-automation/src/test/resources/features/citizen/citizenLogin.feature is not under the 'features' directory. Requirements report will not be correctly generated!
Jul 07, 2022 2:31:18 PM io.appium.java_client.remote.AppiumCommandExecutor$1 lambda$0
INFO: Detected dialect: W3C
]]></system-err>
  </testcase>
  <testcase name="Login #6" classname="Login" time="39.366">
    <system-out><![CDATA[
Scenario Outline: Login                                            &amp#27;[90m# src/test/resources/features/citizen/citizenLogin.feature:20&amp#27;[0m
  &amp#27;[32mGiven &amp#27;[0m&amp#27;[32mI am on Evizy Login page&amp#27;[0m                                   &amp#27;[90m# com.example.steps.citizen.citizen_login.iAmOnEvizyLoginPage()&amp#27;[0m
  &amp#27;[32mWhen &amp#27;[0m&amp#27;[32mI enter NIK &amp#27;[0m&amp#27;[32m&amp#27;[1m""&amp#27;[0m&amp#27;[32m for login&amp#27;[0m                                    &amp#27;[90m# com.example.steps.citizen.citizen_login.iEnterNIKForLogin(java.lang.String)&amp#27;[0m
  &amp#27;[32mAnd &amp#27;[0m&amp#27;[32mI enter Password &amp#27;[0m&amp#27;[32m&amp#27;[1m""&amp#27;[0m&amp#27;[32m for login&amp#27;[0m                                &amp#27;[90m# com.example.steps.citizen.citizen_login.iEnterPasswordForLogin(java.lang.String)&amp#27;[0m
  &amp#27;[32mAnd &amp#27;[0m&amp#27;[32mI click login button&amp#27;[0m                                         &amp#27;[90m# com.example.steps.citizen.citizen_login.iClickLoginButton()&amp#27;[0m
  &amp#27;[32mThen &amp#27;[0m&amp#27;[32mI get the login result &amp#27;[0m&amp#27;[32m&amp#27;[1m"Both alert for empty field show up"&amp#27;[0m &amp#27;[90m# com.example.steps.citizen.citizen_login.iGetTheLoginResult(java.lang.String)&amp#27;[0m

    Embedding file:///C:/Users/ponda/Documents/Caps_Mobile_Automation/sample-mobile-automation/src/test/resources/features/citizen/citizenLogin.feature:20 [image/png 158642 bytes]

]]></system-out>
    <system-err><![CDATA[[main] INFO io.cucumber.core.plugin.SerenityReporter - Running feature from file:///C:/Users/ponda/Documents/Caps_Mobile_Automation/sample-mobile-automation/src/test/resources/features/citizen/citizenLogin.feature
[main] WARN io.cucumber.core.plugin.SerenityReporter - Feature from file:///C:/Users/ponda/Documents/Caps_Mobile_Automation/sample-mobile-automation/src/test/resources/features/citizen/citizenLogin.feature is not under the 'features' directory. Requirements report will not be correctly generated!
Jul 07, 2022 2:31:56 PM io.appium.java_client.remote.AppiumCommandExecutor$1 lambda$0
INFO: Detected dialect: W3C
]]></system-err>
  </testcase>
  <testcase name="Login #7" classname="Login" time="36.771">
    <system-out><![CDATA[
Scenario Outline: Login                                 &amp#27;[90m# src/test/resources/features/citizen/citizenLogin.feature:21&amp#27;[0m
  &amp#27;[32mGiven &amp#27;[0m&amp#27;[32mI am on Evizy Login page&amp#27;[0m                        &amp#27;[90m# com.example.steps.citizen.citizen_login.iAmOnEvizyLoginPage()&amp#27;[0m
  &amp#27;[32mWhen &amp#27;[0m&amp#27;[32mI enter NIK &amp#27;[0m&amp#27;[32m&amp#27;[1m"716485awf4441689"&amp#27;[0m&amp#27;[32m for login&amp#27;[0m         &amp#27;[90m# com.example.steps.citizen.citizen_login.iEnterNIKForLogin(java.lang.String)&amp#27;[0m
  &amp#27;[32mAnd &amp#27;[0m&amp#27;[32mI enter Password &amp#27;[0m&amp#27;[32m&amp#27;[1m"Password321"&amp#27;[0m&amp#27;[32m for login&amp#27;[0m          &amp#27;[90m# com.example.steps.citizen.citizen_login.iEnterPasswordForLogin(java.lang.String)&amp#27;[0m
  &amp#27;[32mAnd &amp#27;[0m&amp#27;[32mI click login button&amp#27;[0m                              &amp#27;[90m# com.example.steps.citizen.citizen_login.iClickLoginButton()&amp#27;[0m
  &amp#27;[32mThen &amp#27;[0m&amp#27;[32mI get the login result &amp#27;[0m&amp#27;[32m&amp#27;[1m"NIK atau Password salah"&amp#27;[0m &amp#27;[90m# com.example.steps.citizen.citizen_login.iGetTheLoginResult(java.lang.String)&amp#27;[0m

    Embedding file:///C:/Users/ponda/Documents/Caps_Mobile_Automation/sample-mobile-automation/src/test/resources/features/citizen/citizenLogin.feature:21 [image/png 150947 bytes]

]]></system-out>
    <system-err><![CDATA[[main] INFO io.cucumber.core.plugin.SerenityReporter - Running feature from file:///C:/Users/ponda/Documents/Caps_Mobile_Automation/sample-mobile-automation/src/test/resources/features/citizen/citizenLogin.feature
[main] WARN io.cucumber.core.plugin.SerenityReporter - Feature from file:///C:/Users/ponda/Documents/Caps_Mobile_Automation/sample-mobile-automation/src/test/resources/features/citizen/citizenLogin.feature is not under the 'features' directory. Requirements report will not be correctly generated!
Jul 07, 2022 2:32:34 PM io.appium.java_client.remote.AppiumCommandExecutor$1 lambda$0
INFO: Detected dialect: W3C
]]></system-err>
  </testcase>
  <testcase name="Login #8" classname="Login" time="42.624">
    <error type="org.openqa.selenium.TimeoutException"><![CDATA[org.openqa.selenium.TimeoutException: Expected condition failed: waiting for visibility of element located by By.xpath: //android.view.View[@content-desc="Masukkan password anda"] (tried for 5 second(s) with 1200 milliseconds interval)
Caused by: org.openqa.selenium.NoSuchElementException: 
An element could not be located on the page using the given search parameters.
For documentation on this error, please visit: https://www.seleniumhq.org/exceptions/no_such_element.html
Build info: version: '3.141.59', revision: 'e82be7d358', time: '2018-11-14T08:17:03'
System info: host: 'INGGRIT', ip: '192.168.137.1', os.name: 'Windows 10', os.arch: 'amd64', os.version: '10.0', java.version: '15.0.2'
Driver info: io.appium.java_client.android.AndroidDriver
Capabilities {app: C:\Users\ponda\Documents\Ca..., appPackage: com.example.evizy, automationName: UIAutomator2, databaseEnabled: false, desired: {app: C:\Users\ponda\Documents\Ca..., automationName: UIAutomator2, platVersion: 11, platformName: android}, deviceApiLevel: 30, deviceManufacturer: OPPO, deviceModel: CPH1937, deviceName: b62c4e88, deviceScreenDensity: 272, deviceScreenSize: 720x1600, deviceUDID: b62c4e88, javascriptEnabled: true, locationContextEnabled: false, networkConnectionEnabled: true, pixelRatio: 1.7, platVersion: 11, platform: LINUX, platformName: Android, platformVersion: 11, statBarHeight: 64, takesScreenshot: true, viewportRect: {height: 1480, left: 0, top: 64, width: 720}, warnings: {}, webStorageEnabled: false}
Session ID: 6b928d31-4310-4875-9250-b44c751f592f
*** Element info: {Using=xpath, value=//android.view.View[@content-desc="Masukkan password anda"]}
]]></error>
    <system-out><![CDATA[
Scenario Outline: Login                            &amp#27;[90m# src/test/resources/features/citizen/citizenLogin.feature:22&amp#27;[0m
  &amp#27;[32mGiven &amp#27;[0m&amp#27;[32mI am on Evizy Login page&amp#27;[0m                   &amp#27;[90m# com.example.steps.citizen.citizen_login.iAmOnEvizyLoginPage()&amp#27;[0m
  &amp#27;[32mWhen &amp#27;[0m&amp#27;[32mI enter NIK &amp#27;[0m&amp#27;[32m&amp#27;[1m"788943156491"&amp#27;[0m&amp#27;[32m for login&amp#27;[0m        &amp#27;[90m# com.example.steps.citizen.citizen_login.iEnterNIKForLogin(java.lang.String)&amp#27;[0m
  &amp#27;[32mAnd &amp#27;[0m&amp#27;[32mI enter Password &amp#27;[0m&amp#27;[32m&amp#27;[1m"Passwordtest321"&amp#27;[0m&amp#27;[32m for login&amp#27;[0m &amp#27;[90m# com.example.steps.citizen.citizen_login.iEnterPasswordForLogin(java.lang.String)&amp#27;[0m
  &amp#27;[32mAnd &amp#27;[0m&amp#27;[32mI click login button&amp#27;[0m                         &amp#27;[90m# com.example.steps.citizen.citizen_login.iClickLoginButton()&amp#27;[0m
  &amp#27;[31mThen &amp#27;[0m&amp#27;[31mI get the login result &amp#27;[0m&amp#27;[31m&amp#27;[1m"Enter Valid NIK"&amp#27;[0m    &amp#27;[90m# com.example.steps.citizen.citizen_login.iGetTheLoginResult(java.lang.String)&amp#27;[0m
      &amp#27;[31morg.openqa.selenium.TimeoutException: Expected condition failed: waiting for visibility of element located by By.xpath: //android.view.View[@content-desc="Masukkan password anda"] (tried for 5 second(s) with 1200 milliseconds interval)
	at org.openqa.selenium.support.ui.WebDriverWait.timeoutException(WebDriverWait.java:95)
	at org.openqa.selenium.support.ui.FluentWait.until(FluentWait.java:272)
	at sample.mobile.automation@1.0-SNAPSHOT/com.example.app.base.basePageObject.find(basePageObject.java:30)
	at sample.mobile.automation@1.0-SNAPSHOT/com.example.app.pages.citizen.login_citizen.nikLessThan16Displayed(login_citizen.java:57)
	at sample.mobile.automation@1.0-SNAPSHOT/com.example.steps.citizen.citizen_login.iGetTheLoginResult(citizen_login.java:46)
	at âœ½.I get the login result "Enter Valid NIK"(file:///C:/Users/ponda/Documents/Caps_Mobile_Automation/sample-mobile-automation/src/test/resources/features/citizen/citizenLogin.feature:11)
Caused by: org.openqa.selenium.NoSuchElementException: An element could not be located on the page using the given search parameters.
For documentation on this error, please visit: https://www.seleniumhq.org/exceptions/no_such_element.html
Build info: version: '3.141.59', revision: 'e82be7d358', time: '2018-11-14T08:17:03'
System info: host: 'INGGRIT', ip: '192.168.137.1', os.name: 'Windows 10', os.arch: 'amd64', os.version: '10.0', java.version: '15.0.2'
Driver info: io.appium.java_client.android.AndroidDriver
Capabilities {app: C:\Users\ponda\Documents\Ca..., appPackage: com.example.evizy, automationName: UIAutomator2, databaseEnabled: false, desired: {app: C:\Users\ponda\Documents\Ca..., automationName: UIAutomator2, platVersion: 11, platformName: android}, deviceApiLevel: 30, deviceManufacturer: OPPO, deviceModel: CPH1937, deviceName: b62c4e88, deviceScreenDensity: 272, deviceScreenSize: 720x1600, deviceUDID: b62c4e88, javascriptEnabled: true, locationContextEnabled: false, networkConnectionEnabled: true, pixelRatio: 1.7, platVersion: 11, platform: LINUX, platformName: Android, platformVersion: 11, statBarHeight: 64, takesScreenshot: true, viewportRect: {height: 1480, left: 0, top: 64, width: 720}, warnings: {}, webStorageEnabled: false}
Session ID: 6b928d31-4310-4875-9250-b44c751f592f
*** Element info: {Using=xpath, value=//android.view.View[@content-desc="Masukkan password anda"]}
	at java.base/jdk.internal.reflect.NativeConstructorAccessorImpl.newInstance0(Native Method)
	at java.base/jdk.internal.reflect.NativeConstructorAccessorImpl.newInstance(NativeConstructorAccessorImpl.java:64)
	at java.base/jdk.internal.reflect.DelegatingConstructorAccessorImpl.newInstance(DelegatingConstructorAccessorImpl.java:45)
	at java.base/java.lang.reflect.Constructor.newInstanceWithCaller(Constructor.java:500)
	at java.base/java.lang.reflect.Constructor.newInstance(Constructor.java:481)
	at org.openqa.selenium.remote.http.W3CHttpResponseCodec.createException(W3CHttpResponseCodec.java:187)
	at org.openqa.selenium.remote.http.W3CHttpResponseCodec.decode(W3CHttpResponseCodec.java:122)
	at org.openqa.selenium.remote.http.W3CHttpResponseCodec.decode(W3CHttpResponseCodec.java:49)
	at org.openqa.selenium.remote.HttpCommandExecutor.execute(HttpCommandExecutor.java:158)
	at io.appium.java_client.remote.AppiumCommandExecutor.execute(AppiumCommandExecutor.java:250)
	at org.openqa.selenium.remote.RemoteWebDriver.execute(RemoteWebDriver.java:552)
	at io.appium.java_client.DefaultGenericMobileDriver.execute(DefaultGenericMobileDriver.java:41)
	at io.appium.java_client.AppiumDriver.execute(AppiumDriver.java:1)
	at io.appium.java_client.android.AndroidDriver.execute(AndroidDriver.java:1)
	at org.openqa.selenium.remote.RemoteWebDriver.findElement(RemoteWebDriver.java:323)
	at io.appium.java_client.DefaultGenericMobileDriver.findElement(DefaultGenericMobileDriver.java:61)
	at io.appium.java_client.AppiumDriver.findElement(AppiumDriver.java:1)
	at io.appium.java_client.android.AndroidDriver.findElement(AndroidDriver.java:1)
	at org.openqa.selenium.remote.RemoteWebDriver.findElementByXPath(RemoteWebDriver.java:428)
	at io.appium.java_client.DefaultGenericMobileDriver.findElementByXPath(DefaultGenericMobileDriver.java:151)
	at io.appium.java_client.AppiumDriver.findElementByXPath(AppiumDriver.java:1)
	at io.appium.java_client.android.AndroidDriver.findElementByXPath(AndroidDriver.java:1)
	at org.openqa.selenium.By$ByXPath.findElement(By.java:353)
	at org.openqa.selenium.remote.RemoteWebDriver.findElement(RemoteWebDriver.java:315)
	at io.appium.java_client.DefaultGenericMobileDriver.findElement(DefaultGenericMobileDriver.java:57)
	at io.appium.java_client.AppiumDriver.findElement(AppiumDriver.java:1)
	at io.appium.java_client.android.AndroidDriver.findElement(AndroidDriver.java:1)
	at org.openqa.selenium.support.ui.ExpectedConditions$7.apply(ExpectedConditions.java:205)
	at org.openqa.selenium.support.ui.ExpectedConditions$7.apply(ExpectedConditions.java:201)
	at org.openqa.selenium.support.ui.FluentWait.until(FluentWait.java:249)
	at sample.mobile.automation@1.0-SNAPSHOT/com.example.app.base.basePageObject.find(basePageObject.java:30)
	at sample.mobile.automation@1.0-SNAPSHOT/com.example.app.pages.citizen.login_citizen.nikLessThan16Displayed(login_citizen.java:57)
	at sample.mobile.automation@1.0-SNAPSHOT/com.example.steps.citizen.citizen_login.iGetTheLoginResult(citizen_login.java:46)
	at java.base/jdk.internal.reflect.NativeMethodAccessorImpl.invoke0(Native Method)
	at java.base/jdk.internal.reflect.NativeMethodAccessorImpl.invoke(NativeMethodAccessorImpl.java:64)
	at java.base/jdk.internal.reflect.DelegatingMethodAccessorImpl.invoke(DelegatingMethodAccessorImpl.java:43)
	at java.base/java.lang.reflect.Method.invoke(Method.java:564)
	at io.cucumber.java.Invoker.doInvoke(Invoker.java:66)
	at io.cucumber.java.Invoker.invoke(Invoker.java:24)
	at io.cucumber.java.AbstractGlueDefinition.invokeMethod(AbstractGlueDefinition.java:47)
	at io.cucumber.java.JavaStepDefinition.execute(JavaStepDefinition.java:29)
	at io.cucumber.core.runner.CoreStepDefinition.execute(CoreStepDefinition.java:66)
	at io.cucumber.core.runner.PickleStepDefinitionMatch.runStep(PickleStepDefinitionMatch.java:63)
	at io.cucumber.core.runner.TestStep.executeStep(TestStep.java:92)
	at io.cucumber.core.runner.TestStep.run(TestStep.java:63)
	at io.cucumber.core.runner.PickleStepTestStep.run(PickleStepTestStep.java:49)
	at io.cucumber.core.runner.TestCase.run(TestCase.java:99)
	at io.cucumber.core.runner.Runner.runPickle(Runner.java:71)
	at io.cucumber.junit.PickleRunners$NoStepDescriptions.run(PickleRunners.java:151)
	at io.cucumber.junit.FeatureRunner.runChild(FeatureRunner.java:135)
	at io.cucumber.junit.FeatureRunner.runChild(FeatureRunner.java:27)
	at org.junit.runners.ParentRunner$3.run(ParentRunner.java:290)
	at org.junit.runners.ParentRunner$1.schedule(ParentRunner.java:71)
	at org.junit.runners.ParentRunner.runChildren(ParentRunner.java:288)
	at org.junit.runners.ParentRunner.access$000(ParentRunner.java:58)
	at org.junit.runners.ParentRunner$2.evaluate(ParentRunner.java:268)
	at org.junit.runners.ParentRunner.run(ParentRunner.java:363)
	at io.cucumber.junit.CucumberSerenityRunner.runChild(CucumberSerenityRunner.java:234)
	at io.cucumber.junit.CucumberSerenityRunner.runChild(CucumberSerenityRunner.java:57)
	at org.junit.runners.ParentRunner$3.run(ParentRunner.java:290)
	at org.junit.runners.ParentRunner$1.schedule(ParentRunner.java:71)
	at org.junit.runners.ParentRunner.runChildren(ParentRunner.java:288)
	at org.junit.runners.ParentRunner.access$000(ParentRunner.java:58)
	at org.junit.runners.ParentRunner$2.evaluate(ParentRunner.java:268)
	at io.cucumber.junit.CucumberSerenityRunner$RunCucumber.evaluate(CucumberSerenityRunner.java:262)
	at org.junit.runners.ParentRunner.run(ParentRunner.java:363)
	at org.junit.runner.JUnitCore.run(JUnitCore.java:137)
	at org.junit.runner.JUnitCore.run(JUnitCore.java:115)
	at org.junit.vintage.engine.execution.RunnerExecutor.execute(RunnerExecutor.java:40)
	at java.base/java.util.stream.ForEachOps$ForEachOp$OfRef.accept(ForEachOps.java:183)
	at java.base/java.util.stream.ReferencePipeline$3$1.accept(ReferencePipeline.java:195)
	at java.base/java.util.Iterator.forEachRemaining(Iterator.java:133)
	at java.base/java.util.Spliterators$IteratorSpliterator.forEachRemaining(Spliterators.java:1801)
	at java.base/java.util.stream.AbstractPipeline.copyInto(AbstractPipeline.java:484)
	at java.base/java.util.stream.AbstractPipeline.wrapAndCopyInto(AbstractPipeline.java:474)
	at java.base/java.util.stream.ForEachOps$ForEachOp.evaluateSequential(ForEachOps.java:150)
	at java.base/java.util.stream.ForEachOps$ForEachOp$OfRef.evaluateSequential(ForEachOps.java:173)
	at java.base/java.util.stream.AbstractPipeline.evaluate(AbstractPipeline.java:234)
	at java.base/java.util.stream.ReferencePipeline.forEach(ReferencePipeline.java:497)
	at org.junit.vintage.engine.VintageTestEngine.executeAllChildren(VintageTestEngine.java:80)
	at org.junit.vintage.engine.VintageTestEngine.execute(VintageTestEngine.java:71)
	at org.junit.platform.launcher.core.DefaultLauncher.execute(DefaultLauncher.java:229)
	at org.junit.platform.launcher.core.DefaultLauncher.lambda$execute$6(DefaultLauncher.java:197)
	at org.junit.platform.launcher.core.DefaultLauncher.withInterceptedStreams(DefaultLauncher.java:211)
	at org.junit.platform.launcher.core.DefaultLauncher.execute(DefaultLauncher.java:191)
	at org.junit.platform.launcher.core.DefaultLauncher.execute(DefaultLauncher.java:128)
	at org.apache.maven.surefire.junitplatform.JUnitPlatformProvider.execute(JUnitPlatformProvider.java:188)
	at org.apache.maven.surefire.junitplatform.JUnitPlatformProvider.invokeAllTests(JUnitPlatformProvider.java:154)
	at org.apache.maven.surefire.junitplatform.JUnitPlatformProvider.invoke(JUnitPlatformProvider.java:128)
	at org.apache.maven.surefire.booter.ForkedBooter.runSuitesInProcess(ForkedBooter.java:428)
	at org.apache.maven.surefire.booter.ForkedBooter.execute(ForkedBooter.java:162)
	at org.apache.maven.surefire.booter.ForkedBooter.run(ForkedBooter.java:562)
	at org.apache.maven.surefire.booter.ForkedBooter.main(ForkedBooter.java:548)
&amp#27;[0m

    Embedding file:///C:/Users/ponda/Documents/Caps_Mobile_Automation/sample-mobile-automation/src/test/resources/features/citizen/citizenLogin.feature:22 [image/png 150938 bytes]

]]></system-out>
    <system-err><![CDATA[[main] INFO io.cucumber.core.plugin.SerenityReporter - Running feature from file:///C:/Users/ponda/Documents/Caps_Mobile_Automation/sample-mobile-automation/src/test/resources/features/citizen/citizenLogin.feature
[main] WARN io.cucumber.core.plugin.SerenityReporter - Feature from file:///C:/Users/ponda/Documents/Caps_Mobile_Automation/sample-mobile-automation/src/test/resources/features/citizen/citizenLogin.feature is not under the 'features' directory. Requirements report will not be correctly generated!
Jul 07, 2022 2:33:11 PM io.appium.java_client.remote.AppiumCommandExecutor$1 lambda$0
INFO: Detected dialect: W3C
]]></system-err>
  </testcase>
  <testcase name="Login #9" classname="Login" time="37.602">
    <system-out><![CDATA[
Scenario Outline: Login                                 &amp#27;[90m# src/test/resources/features/citizen/citizenLogin.feature:23&amp#27;[0m
  &amp#27;[32mGiven &amp#27;[0m&amp#27;[32mI am on Evizy Login page&amp#27;[0m                        &amp#27;[90m# com.example.steps.citizen.citizen_login.iAmOnEvizyLoginPage()&amp#27;[0m
  &amp#27;[32mWhen &amp#27;[0m&amp#27;[32mI enter NIK &amp#27;[0m&amp#27;[32m&amp#27;[1m"788943156491^&13"&amp#27;[0m&amp#27;[32m for login&amp#27;[0m         &amp#27;[90m# com.example.steps.citizen.citizen_login.iEnterNIKForLogin(java.lang.String)&amp#27;[0m
  &amp#27;[32mAnd &amp#27;[0m&amp#27;[32mI enter Password &amp#27;[0m&amp#27;[32m&amp#27;[1m"Passwordtest321"&amp#27;[0m&amp#27;[32m for login&amp#27;[0m      &amp#27;[90m# com.example.steps.citizen.citizen_login.iEnterPasswordForLogin(java.lang.String)&amp#27;[0m
  &amp#27;[32mAnd &amp#27;[0m&amp#27;[32mI click login button&amp#27;[0m                              &amp#27;[90m# com.example.steps.citizen.citizen_login.iClickLoginButton()&amp#27;[0m
  &amp#27;[32mThen &amp#27;[0m&amp#27;[32mI get the login result &amp#27;[0m&amp#27;[32m&amp#27;[1m"NIK atau Password salah"&amp#27;[0m &amp#27;[90m# com.example.steps.citizen.citizen_login.iGetTheLoginResult(java.lang.String)&amp#27;[0m

    Embedding file:///C:/Users/ponda/Documents/Caps_Mobile_Automation/sample-mobile-automation/src/test/resources/features/citizen/citizenLogin.feature:23 [image/png 150938 bytes]

]]></system-out>
    <system-err><![CDATA[[main] INFO io.cucumber.core.plugin.SerenityReporter - Running feature from file:///C:/Users/ponda/Documents/Caps_Mobile_Automation/sample-mobile-automation/src/test/resources/features/citizen/citizenLogin.feature
[main] WARN io.cucumber.core.plugin.SerenityReporter - Feature from file:///C:/Users/ponda/Documents/Caps_Mobile_Automation/sample-mobile-automation/src/test/resources/features/citizen/citizenLogin.feature is not under the 'features' directory. Requirements report will not be correctly generated!
Jul 07, 2022 2:33:54 PM io.appium.java_client.remote.AppiumCommandExecutor$1 lambda$0
INFO: Detected dialect: W3C
]]></system-err>
  </testcase>
</testsuite>